ev-error# ( --  n ) 
ev-reported-error# ( --  n ) 
ev-no-fileid ( --  n ) 
ev-current-diagnostic ( --  a-addr ) 
ev-diagnostic-count ( --  a-addr ) 
ev-current-program-token ( --  a-addr ) 
ev-log-fileid ( --  a-addr ) 
ev-throw ( x --  ) 
ev-xalloc ( ior[1] --  a-addr ) 
ev-xresize ( a-addr n --  a-addr ) 
ev-cells+ ( n[2] n[1] --  n ) 
ev-max ( n[1] n[1] --  n[1] ) 
ev-slen@ ( a-addr[1] --  n ) 
ev-s@ ( a-addr[1] --  a-addr[1] n[2] ) 
ev-scopy ( addr a-addr[1] --  x ) 
ev-sdup ( a-addr[1] --  x ) 
ev-sfrom-char ( x --  x ) 
ev-sempty ( --  x ) 
ev-sspace ( --  x ) 
ev-s. ( a-addr[1] --  ) 
ev-scat2 ( a-addr x --  x ) 
ev-scat3 ( a-addr x[2] a-addr x[1] --  x[2] ) 
ev-scat4 ( a-addr a-addr x[1] a-addr x[1] --  x[1] ) 
ev-u>sptr ( n --  x ) 
ev-s= ( a-addr[1] a-addr[1] --  flag ) 
ev-char-space? ( char --  flag[1] ) 
ev-upchar ( x --  n ) 
ev-trim-range ( c-addr[2] u[1] --  c-addr[2] u[1] ) 
ev-canon-word ( c-addr[2] u[1] --  x ) 
ev-canon-sptr ( a-addr[1] --  x ) 
ev-v.count ( --  n ) 
ev-v.cap ( --  n ) 
ev-v.data ( --  n ) 
/ev-vec ( --  n ) 
ev-vec-new ( a-addr[1] --  x ) 
ev-vec-count@ ( a-addr[1] --  x ) 
ev-vec-cap@ ( a-addr[1] --  x ) 
ev-vec-data@ ( a-addr[1] --  x ) 
ev-vec-grow ( a-addr[1] --  ) 
ev-vec-ensure ( n[2] a-addr[1] --  ) 
ev-vec-push ( x n[1] --  ) 
ev-vec@ ( n[1] a-addr --  x ) 
ev-vec-last@ ( a-addr[1] --  x ) 
ev-vec-set ( x n[1] a-addr --  ) 
ev-vec-pop ( a-addr[1] --  x ) 
ev-vec-remove-last ( a-addr[1] --  ) 
ev-span.source ( --  n ) 
ev-span.sline ( --  n ) 
ev-span.scol ( --  n ) 
ev-span.eline ( --  n ) 
ev-span.ecol ( --  n ) 
/ev-span ( --  n ) 
ev-span-new ( n[2] n[2] n[2] n[2] a-addr[1] --  x ) 
ev-span-cover ( x x[1] --  x ) 
ev-span-has-location? ( a-addr[1] --  flag ) 
ev-span-start. ( a-addr[1] --  ) 
ev-word.text ( --  n ) 
ev-word.span ( --  n ) 
ev-word.quoted ( --  n ) 
/ev-word ( --  n ) 
ev-word-new ( x flag flag --  x ) 
ev-word-text@ ( a-addr[1] --  x ) 
ev-word-span@ ( a-addr[1] --  x ) 
ev-word-quoted? ( a-addr[1] --  flag ) 
ev-current-source-lines ( --  a-addr ) 
ev-diag.msg ( --  n ) 
ev-diag.reason ( --  n ) 
ev-diag.span ( --  n ) 
ev-diag.line ( --  n ) 
ev-diag.marker ( --  n ) 
/ev-diag ( --  n ) 
ev-source-line@ ( x[1] --  n ) 
ev-marker-line ( x --  x ) 
ev-diag-new ( x[2] x[2] n[1] --  x ) 
ev-error-msg ( x[1] x[1] n --  ) 
ev-diag. ( a-addr[1] --  ) 
ev-log-open? ( --  flag ) 
ev-log-write-raw ( x x --  ) 
ev-log-write-s ( a-addr[1] --  ) 
ev-log-cr ( --  ) 
ev-log-span-start ( a-addr[1] --  ) 
ev-log-diagnostic ( x --  ) 
ev-log-close ( --  ) 
ev-report-current-diagnostic ( --  ) 
ev-literal-error ( n n x --  ) 
ev-sc.name ( --  n ) 
ev-sc.text ( --  n ) 
ev-sc.addr ( --  n ) 
ev-sc.len ( --  n ) 
ev-sc.lines ( --  n ) 
ev-sc.off ( --  n ) 
ev-sc.line ( --  n ) 
ev-sc.col ( --  n ) 
ev-sc.lastline ( --  n ) 
ev-sc.lastcol ( --  n ) 
/ev-sc ( --  n ) 
ev-file>sptr ( a-addr[2] u[1] --  x ) 
ev-split-lines ( a-addr[1] --  x ) 
ev-sc-new ( a-addr[1] a-addr[1] --  x ) 
ev-sc-from-file ( a-addr[1] --  x ) 
ev-sc-at-end? ( a-addr[1] --  flag ) 
ev-sc-char@ ( a-addr[1] --  char ) 
ev-sc-advance ( a-addr[1] --  ) 
ev-sc-position-span ( x --  x ) 
ev-sc-last-span ( x --  x ) 
ev-stop-char? ( x n[1] x --  flag[2] ) 
ev-sc-line-comment ( x --  ) 
ev-sc-skip-whitespace ( x --  ) 
ev-sc-skip-ignorable ( x --  ) 
ev-substr>sptr ( a-addr[1] x x --  x ) 
ev-sc-finish-quoted ( a-addr n flag x n n --  n ) 
ev-sc-finish-until ( a-addr n flag flag x n n n n --  n ) 
ev-sc-read-word ( c-addr u x --  n ) 
ev-sc-read-program-word ( c-addr u x --  n ) 
ev-sc-read-quoted ( x --  n ) 
ev-sc-read-atom ( c-addr u x --  n ) 
ev-sc-next-word ( c-addr u x[1] --  n ) 
ev-sc-next-program-word ( c-addr u x[1] --  n ) 
ev-sc-next-atom ( c-addr u x[1] --  n ) 
ev-sc-next-line-atoms ( x --  n ) 
ev-sc-starts-with ( n[1] n[1] n[1] --  flag[2] ) 
ev-sc-parse-until ( x[1] x --  n ) 
ev-alias.name ( --  n ) 
ev-alias.index ( --  n ) 
/ev-alias ( --  n ) 
ev-alias-new ( x[1] x[1] --  x[1] ) 
ev-rel.sub ( --  n ) 
ev-rel.super ( --  n ) 
ev-rel.span ( --  n ) 
/ev-rel ( --  n ) 
ev-rel-new ( x[1] x[1] n --  x[1] ) 
ev-scanner.key ( --  n ) 
ev-scanner.delim ( --  n ) 
/ev-scanner ( --  n ) 
ev-scanner-new ( x[1] x[1] --  x[1] ) 
ev-ts.source ( --  n ) 
ev-ts.lines ( --  n ) 
ev-ts.types ( --  n ) 
ev-ts.aliases ( --  n ) 
ev-ts.rel-size ( --  n ) 
ev-ts.rel-matrix ( --  n ) 
ev-ts.scanners ( --  n ) 
/ev-ts ( --  n ) 
ev-ts-new ( x n[1] x n[1] x n[1] n[1] --  x ) 
ev-ts-type-count ( a-addr[1] --  x ) 
ev-ts-rel-addr ( n[1] n[1] x --  n ) 
ev-ts-rel@ ( n n[2] x[1] --  x ) 
ev-ts-rel! ( n[2] n[2] a-addr[1] a-addr[1] --  ) 
ev-ts-alias-index ( a-addr[1] a-addr[1] --  x[2] ) 
ev-ts-contains? ( a-addr[1] a-addr[1] --  flag ) 
ev-ts-add-alias ( a-addr n[1] n[1] x --  ) 
ev-token-unquoted= ( a-addr[1] x x --  flag[2] ) 
ev-line-first ( a-addr[1] --  x ) 
ev-line-last ( a-addr[1] --  x ) 
ev-ts-add-relation ( a-addr[1] n[2] a-addr[1] x --  ) 
ev-ts-add-scanner ( a-addr[2] n[1] n[1] x --  ) 
ev-ts-scanner-delim ( a-addr[1] flag --  x ) 
ev-ts-normalize ( a-addr[1] --  ) 
ev-ts-relation ( x[1] x x[1] --  n ) 
ev-ts-parse-line ( a-addr[1] n[2] n[2] x a-addr[1] --  ) 
ev-ts-load ( a-addr[1] --  x ) 
ev-parse.none ( --  n ) 
ev-parse.until ( --  n ) 
ev-parse.word ( --  n ) 
ev-parse.definition ( --  n ) 
ev-define.none ( --  n ) 
ev-define.colon ( --  n ) 
ev-define.constant ( --  n ) 
ev-define.variable ( --  n ) 
ev-state.any ( --  n ) 
ev-state.interpret ( --  n ) 
ev-state.compile ( --  n ) 
ev-sym.type ( --  n ) 
ev-sym.pos ( --  n ) 
ev-sym.explicit ( --  n ) 
/ev-sym ( --  n ) 
ev-sym-new ( n[2] x a-addr[1] --  x[3] ) 
ev-sym-clone ( a-addr[1] --  x ) 
ev-sym= ( x[1] x[1] --  flag[2] ) 
ev-spec.left ( --  n ) 
ev-spec.right ( --  n ) 
ev-spec.parse-string ( --  n ) 
ev-spec.parse-mode ( --  n ) 
ev-spec.define-mode ( --  n ) 
ev-spec.control-mode ( --  n ) 
ev-spec.immediate ( --  n ) 
ev-spec.state-mode ( --  n ) 
ev-spec.source ( --  n ) 
ev-spec.origin ( --  n ) 
ev-spec.max-pos ( --  n ) 
/ev-spec ( --  n ) 
ev-spec-new ( a-addr[1] a-addr[1] --  x ) 
ev-sym-vec-clone ( a-addr[1] --  x ) 
ev-spec-clone ( x[1] --  x[1] ) 
ev-spec-with-origin ( n[1] n[1] x --  x[2] ) 
ev-spec-with-parse ( n[1] n[1] x --  x[2] ) 
ev-spec-with-define ( n[1] x --  x ) 
ev-spec-with-control ( n[1] x --  x ) 
ev-spec-with-immediate ( n[1] x --  x ) 
ev-spec-with-state ( n[1] x --  x ) 
ev-spec-left-count ( a-addr[1] --  x ) 
ev-spec-right-count ( a-addr[1] --  x ) 
ev-parse-uint ( x x --  n flag ) 
ev-ts-check-type ( a-addr x x --  ) 
ev-spec-max-pos ( a-addr[1] --  x[2] ) 
ev-parse-type-symbol ( a-addr a-addr[1] a-addr[1] --  x ) 
ev-tokenize-type-side ( a-addr[1] --  x[2] ) 
ev-parse-type-list ( n x x[1] --  x[1] ) 
ev-find-arrow ( a-addr[1] --  n ) 
ev-parse-spec-body ( n addr a-addr[1] --  x[2] ) 
ev-spec-substitute-vec ( a-addr[2] n[1] x --  x ) 
ev-spec-substitute ( x x[1] x[1] --  n ) 
ev-spec-list-substitute ( a-addr[1] x x --  ) 
ev-spec-increment-wild-vec ( a-addr n[1] --  ) 
ev-spec-increment-wild ( a-addr[1] a-addr[1] --  ) 
ev-new-sym-like ( a-addr x x --  x ) 
ev-spec-copy-left ( a-addr[1] --  x ) 
ev-spec-copy-right ( a-addr[1] --  x ) 
ev-vec-prepend-clones ( a-addr[2] n[1] --  x ) 
ev-spec-from-sides ( a-addr[2] n[1] n[1] --  x[3] ) 
ev-sl-cmax ( --  a-addr ) 
ev-sl-conf-prefix ( --  a-addr ) 
ev-sl-conf-incoming ( --  a-addr ) 
ev-sl-conf-actual ( --  a-addr ) 
ev-sl-conf-expected ( --  a-addr ) 
ev-eval-result ( --  a-addr ) 
ev-sl-clear-conflict ( --  ) 
ev-sl-record-conflict ( x[1] x[1] x[1] x[1] --  ) 
ev-norm.key ( --  n ) 
ev-norm.count ( --  n ) 
ev-norm.assigned ( --  n ) 
ev-norm.explicit ( --  n ) 
/ev-norm ( --  n ) 
ev-norm-new ( a-addr --  x ) 
ev-find-norm ( a-addr n[1] --  x ) 
ev-norm-touch ( a-addr n[1] --  x[2] ) 
ev-needs-index? ( a-addr[1] --  flag ) 
ev-add-norm-pass1 ( n[1] x --  ) 
ev-add-norm-pass2 ( x x x --  a-addr[1] ) 
ev-scan-norm-pass1-vec ( a-addr n[1] --  ) 
ev-scan-norm-pass2-left ( a-addr[2] x x[1] --  x[1] ) 
ev-scan-norm-pass2-right ( a-addr x x --  x ) 
ev-sym>sptr ( n[1] --  x ) 
ev-sym-vec>sptr ( a-addr[1] --  x[2] ) 
ev-spec>sptr ( x --  x ) 
ev-log-definition ( x x --  ) 
ev-spec-list-normalize ( n[1] n[1] --  x ) 
ev-spec-normalize-self ( n[1] --  x ) 
ev-spec-join-left ( a-addr a-addr[1] --  x ) 
ev-spec-join-right ( a-addr[1] a-addr[1] --  x ) 
ev-winner-sym ( n n[1] n[1] --  x ) 
ev-spec-multiply ( x[1] x x x --  x[1] ) 
ev-spec-list-evaluate ( n[1] flag --  n ) 
ev-new-merged-sym ( n[1] n[1] x n[1] --  x x ) 
ev-spec-cprefix ( x n x --  n ) 
ev-spec-unify-side ( n[1] x[2] n[1] x x x x --  x x ) 
ev-spec-unify ( x[1] x x[1] --  n ) 
ev-spec-glb ( x[1] x x[1] --  n ) 
ev-spec-idemp ( a-addr x --  n ) 
ev-spistar.tmp ( --  a-addr ) 
ev-spec-pistar ( n[1] n[1] --  n[2] ) 
ev-entry.key ( --  n ) 
ev-entry.surface ( --  n ) 
ev-entry.value ( --  n ) 
/ev-entry ( --  n ) 
ev-entry-new ( x[1] x[1] n --  x[1] ) 
ev-expr.empty ( --  n ) 
ev-expr.segment ( --  n ) 
ev-expr.control ( --  n ) 
ev-expr.seq ( --  n ) 
ev-expr.glb ( --  n ) 
ev-expr.star ( --  n ) 
ev-expr.kind ( --  n ) 
ev-expr.a ( --  n ) 
ev-expr.b ( --  n ) 
/ev-expr ( --  n ) 
ev-expr-new ( x[1] x[1] n --  x[1] ) 
ev-empty-expr ( --  n[1] ) 
ev-segment-expr ( x --  n[1] ) 
ev-control-expr ( x --  n[1] ) 
ev-seq-expr ( a-addr --  x[1] ) 
ev-glb-expr ( n n --  n[1] ) 
ev-star-expr ( x --  n[1] ) 
ev-struct.name ( --  n ) 
ev-struct.open ( --  n ) 
ev-struct.boundaries ( --  n ) 
ev-struct.optional ( --  n ) 
ev-struct.close ( --  n ) 
ev-struct.segments ( --  n ) 
ev-struct.meaning ( --  n ) 
/ev-struct ( --  n ) 
ev-struct-new ( x n[1] x n[1] x n[1] n[1] --  x ) 
ev-struct-boundary-count ( a-addr[1] --  x ) 
ev-struct-segment-count ( a-addr[1] --  x ) 
ev-struct-boundary@ ( x[1] x[1] --  x ) 
ev-struct-optional? ( x[1] x[1] --  flag ) 
ev-struct-segment@ ( x[1] x[1] --  x ) 
ev-struct-segment-index ( a-addr[1] flag --  x ) 
ev-struct-uses-role? ( a-addr[1] n --  flag[2] ) 
ev-struct-same-signature? ( flag x --  flag[1] ) 
ev-ss.words ( --  n ) 
ev-ss.literals ( --  n ) 
ev-ss.structures ( --  n ) 
/ev-ss ( --  n ) 
ev-ss-new ( --  x ) 
ev-ss-find-entry ( a-addr[1] x --  x ) 
ev-ss-find-word-entry ( a-addr[1] n --  x ) 
ev-ss-find-literal-entry ( a-addr[1] n --  x ) 
ev-ss-word@ ( n[2] x[1] --  n[2] ) 
ev-ss-literal@ ( n[2] x[1] --  n[2] ) 
ev-ss-add-entry ( a-addr[2] x[1] x[1] x[1] --  ) 
ev-ss-add-word ( a-addr[1] a-addr[1] x x --  ) 
ev-ss-add-literal ( a-addr[1] a-addr[1] x x --  ) 
ev-ss-set-word ( a-addr[1] a-addr[1] a-addr[1] --  ) 
ev-ss-add-structure ( a-addr[1] a-addr[1] --  ) 
ev-ss-open-structures ( x n[1] --  x ) 
ev-ss-role-entry ( a-addr[1] a-addr[1] --  x[2] ) 
ev-word-key= ( a-addr x x --  flag ) 
ev-word-text= ( a-addr[1] x x --  flag ) 
ev-key= ( a-addr[1] x x --  flag ) 
ev-directive-sptr ( a-addr[1] --  x ) 
ev-word-directive= ( a-addr x x --  flag ) 
ev-word-directive-text= ( a-addr[1] x x --  flag[2] ) 
ev-canon-segment-name ( a-addr[1] --  x ) 
ev-metasymbol-name ( a-addr[1] --  n ) 
ev-line-range>sptr ( n[1] x x --  x ) 
ev-append-line ( a-addr[1] x --  x ) 
ev-ctl-tokenize ( a-addr[1] --  x[2] ) 
ev-seq-collapse ( a-addr --  n ) 
ev-effect-atom ( a-addr[1] --  n ) 
ev-parse-effect-line ( a-addr[1] --  n[2] ) 
ev-lines>sptr ( a-addr[1] --  x[2] ) 
ev-parse-control-meaning ( a-addr --  n ) 
ev-parse-control-syntax ( a-addr[1] --  x ) 
ev-install-builtin-structure ( x[1] x[1] x[1] --  ) 
ev-ss-install-builtin-if ( n --  ) 
ev-ss-install-builtin-while ( n --  ) 
ev-ss-install-builtin-again ( a-addr[1] --  ) 
ev-ss-install-builtin-until ( n[1] --  ) 
ev-ss-install-builtin-do ( n --  ) 
ev-ss-install-builtins ( n[1] --  ) 
ev-parse-mode-from ( x --  n ) 
ev-define-mode-from ( x --  n ) 
ev-state-mode-from ( x --  n ) 
ev-parse-mode-needs-arg? ( n --  flag[1] ) 
ev-clause-starter? ( x --  flag[1] ) 
ev-resolve-parse-string ( a-addr[1] x --  n ) 
ev-line-find-close ( a-addr n --  x ) 
ev-infer-define-mode ( a-addr[2] n[1] --  n ) 
ev-validate-define-shape ( n[1] n[1] n[1] x --  ) 
ev-parse-word-spec-line ( a-addr[1] a-addr[1] n --  ) 
ev-parse-literal-line ( a-addr[2] a-addr[2] n[1] --  ) 
ev-parse-syntax-block ( a-addr[1] x x x --  x ) 
ev-ss-load ( n[1] n[1] --  x ) 
ev-prog.name ( --  n ) 
ev-prog.text ( --  n ) 
ev-prog.lines ( --  n ) 
ev-prog.words ( --  n ) 
ev-prog.spans ( --  n ) 
ev-prog.specs ( --  n ) 
/ev-prog ( --  n ) 
ev-prog-new ( x[1] x[1] n --  x[1] ) 
ev-prog-add-word ( x n[1] x n[1] --  ) 
ev-spec-consumes-until? ( a-addr --  flag ) 
ev-spec-consumes-word? ( n --  flag ) 
ev-spec-starts-definition? ( n --  flag ) 
ev-spec-defines-word? ( n --  flag ) 
ev-spec-is-control? ( x --  flag ) 
ev-spec-is-immediate? ( n[1] --  flag[2] ) 
ev-spec-effective-state ( n[1] --  n[1] ) 
ev-spec-allowed-interpret? ( n[1] --  flag ) 
ev-spec-allowed-compile? ( n[1] --  flag ) 
ev-runtime-clone ( a-addr --  a-addr[1] ) 
ev-current-locals ( --  a-addr ) 
ev-current-local-pos ( --  a-addr ) 
ev-current-local-seed ( --  a-addr ) 
ev-current-local-seed-index ( --  a-addr ) 
ev-local-find-entry ( x --  n ) 
ev-token-is-local? ( x[1] --  flag[2] ) 
ev-token-is-recurse? ( x[1] --  flag[2] ) 
ev-local-declaration? ( x x --  flag[1] ) 
ev-parse-local-names ( a-addr[1] --  x[2] ) 
ev-local-read-spec ( a-addr --  a-addr[1] ) 
ev-local-read-spec-from-sym ( a-addr[1] --  a-addr[2] ) 
ev-local-fresh-sym ( --  x ) 
ev-local-next-sym ( --  x ) 
ev-consume-local-declaration ( x[1] x[1] x[1] --  n a-addr[2] ) 
ev-next-prog-word ( n[1] --  n[2] ) 
ev-int-literal? ( a-addr[1] --  flag[2] ) 
ev-double-literal? ( a-addr[1] --  flag[2] ) 
ev-recurse-runtime-spec ( x --  a-addr ) 
ev-control-runtime-spec ( a-addr[1] a-addr[1] x x --  a-addr ) 
ev-resolve-runtime-spec ( x[2] x x[2] x[1] --  a-addr ) 
ev-consume-parser-input ( n[1] x x --  n[2] ) 
ev-definition-end-spec? ( x[1] --  flag[2] ) 
ev-definition-starter-token? ( x[1] x --  flag[2] ) 
ev-ipi.tok ( --  a-addr ) 
ev-ipi.spec ( --  a-addr ) 
ev-ipi.sc ( --  a-addr ) 
ev-ignore-parser-input-worker ( --  ) 
ev-ignore-parser-input-error ( n[1] n[1] n[1] --  ) 
ev-skip-recovery-payload ( x[1] x[1] x[1] --  ) 
ev-recover-definition ( x[1] x[1] x[1] x[1] --  ) 
ev-recover-top-level ( n[1] x n[1] n[1] --  ) 
ev-seq-add ( n[1] x[2] x n[1] --  ) 
ev-current-program-span ( --  n ) 
ev-seq-evaluate ( n[1] flag x --  n[2] ) 
ev-sac.seq ( --  a-addr ) 
ev-sac.context ( --  a-addr ) 
ev-sac.ts ( --  a-addr ) 
ev-seq-add-checked-worker ( --  ) 
ev-seq-add-checked ( x[2] x[2] x[1] x[2] x[2] x[1] --  ) 
ev-control-close-match? ( a-addr[1] n x --  flag[2] ) 
ev-pds.defname ( --  a-addr ) 
ev-pds.sc ( --  a-addr ) 
ev-pds.ts ( --  a-addr ) 
ev-pds.ss ( --  a-addr ) 
ev-pds.depth ( --  a-addr ) 
ev-pds.close ( --  a-addr ) 
ev-pds.result ( --  a-addr ) 
ev-pds.seqvec ( --  a-addr ) 
ev-pds.pending-spec ( --  a-addr ) 
ev-pds.have-pending-spec ( --  a-addr ) 
ev-filter-boundary-candidates ( a-addr[2] x[1] x[1] --  x[1] ) 
ev-filter-close-candidates ( a-addr[2] x[1] x[1] --  x[1] ) 
ev-structure-label ( a-addr[1] --  x ) 
ev-ese.seqvec ( --  a-addr ) 
ev-eval-structure-expr ( n[1] n[1] n[1] flag n[1] n[1] --  x ) 
ev-parse-definition-structure ( n[2] x[1] x[1] x n[2] x[1] x[1] --  n[3] ) 
ev-parse-definition-seq ( flag[1] flag[1] x flag[1] flag[1] x --  n[2] ) 
ev-parse-definition-seq-worker ( --  ) 
ev-definition-boundary-name? ( x[1] x[1] --  flag[2] ) 
ev-next-defined-name ( n[1] x x --  x ) 
ev-vec-push-implicit-sym ( n[1] n[1] --  ) 
ev-type-input-spec ( n --  a-addr[1] ) 
ev-type-output-spec ( n --  a-addr[1] ) 
ev-prog-add-hidden ( x n[1] x n[1] --  ) 
ev-prog-discard-last ( x --  ) 
ev-parse-definition ( a-addr[1] a-addr[1] a-addr[1] a-addr[1] a-addr[1] --  ) 
ev-parse-top-level-constant ( a-addr[1] a-addr[1] a-addr[1] a-addr[1] a-addr[1] a-addr[1] --  ) 
ev-parse-top-level-variable ( n[1] n[2] n[1] n[1] a-addr --  ) 
ev-prog-current-effect ( n x --  n[1] ) 
ev-pacw.prog ( --  a-addr ) 
ev-pacw.ts ( --  a-addr ) 
ev-prog-add-checked-worker ( --  ) 
ev-prog-add-checked-word ( x[1] x[2] x[2] x[1] x[1] --  ) 
ev-prog-words>sptr ( a-addr[1] --  x ) 
ev-annotate. ( a-addr[1] a-addr[1] --  ) 
ev-parse-program-token ( x x x x x x --  ) 
ev-ppt.tok ( --  a-addr ) 
ev-ppt.spec ( --  a-addr ) 
ev-ppt.sc ( --  a-addr ) 
ev-ppt.ts ( --  a-addr ) 
ev-ppt.ss ( --  a-addr ) 
ev-ppt.prog ( --  a-addr ) 
ev-parse-program-token-worker ( --  ) 
ev-parse-program ( x[1] x[1] x[1] x[1] --  x[1] ) 
ev-cfg.types ( --  n ) 
ev-cfg.specs ( --  n ) 
ev-cfg.prog ( --  n ) 
ev-cfg.words ( --  n ) 
/ev-cfg ( --  n ) 
ev-log-path ( x --  x ) 
ev-log-open ( a-addr[1] --  ) 
ev-cfg-new ( --  x ) 
ev-args-usage ( --  x ) 
ev-args-words>sptr ( a-addr[1] --  x[2] ) 
ev-cli-prog-name ( x --  x ) 
ev-cli-prog-text ( x --  x ) 
ev-parse-args ( --  x ) 
ev-run-native ( --  ) 
ev-main ( --  n ) 
